Starting preprocessing of the model file ...
Found 3 equation(s).
Evaluating expressions...done
Computing static model derivatives (order 1).
Computing dynamic model derivatives (order 1).
Processing outputs ...
done
Preprocessing completed.

STEADY-STATE RESULTS:

k 		 2.62575
c 		 1.07333
z 		 1

EIGENVALUES:
         Modulus             Real        Imaginary

             0.8              0.8                0
           0.838            0.838                0
           1.256            1.256                0
       6.646e+17        6.646e+17                0


There are 2 eigenvalue(s) larger than 1 in modulus 
for 2 forward-looking variable(s)

The rank condition is verified.


MODEL SUMMARY

  Number of variables:         3
  Number of stochastic shocks: 1
  Number of state variables:   2
  Number of jumpers:           2
  Number of static variables:  0


MATRIX OF COVARIANCE OF EXOGENOUS SHOCKS
Variables         eps
eps          0.019600

POLICY AND TRANSITION FUNCTIONS
                                   k               c               z
Constant                    2.625746        1.073331        1.000000
k(-1)                       0.838003        0.214628               0
z(-1)                       0.686992        0.381732        0.800000
eps                         0.858741        0.477165        1.000000


THEORETICAL MOMENTS
VARIABLE         MEAN  STD. DEV.   VARIANCE
k              2.6257     0.8267     0.6834
c              1.0733     0.2591     0.0671
z              1.0000     0.2333     0.0544



MATRIX OF CORRELATIONS
Variables         k       c       z
k            1.0000  0.9876  0.7354
c            0.9876  1.0000  0.8327
z            0.7354  0.8327  1.0000



COEFFICIENTS OF AUTOCORRELATION
Order          1       2       3       4       5
k         0.9806  0.9358  0.8755  0.8067  0.7344
c         0.9626  0.9064  0.8393  0.7671  0.6939
z         0.8000  0.6400  0.5120  0.4096  0.3277

MODEL SUMMARY

  Number of variables:         3
  Number of stochastic shocks: 1
  Number of state variables:   2
  Number of jumpers:           2
  Number of static variables:  0


MATRIX OF COVARIANCE OF EXOGENOUS SHOCKS
Variables         eps
eps          0.019600

POLICY AND TRANSITION FUNCTIONS
                                   k               c               z
Constant                    2.625746        1.073331        1.000000
k(-1)                       0.838003        0.214628               0
z(-1)                       0.686992        0.381732        0.800000
eps                         0.858741        0.477165        1.000000


MOMENTS OF SIMULATED VARIABLES
VARIABLE              MEAN       STD. DEV.        VARIANCE        SKEWNESS        KURTOSIS
k                 2.613440        0.814235        0.662978       -0.042140        0.010221
c                 1.069586        0.255407        0.065233       -0.039195        0.009493
z                 0.997695        0.231869        0.053763       -0.015881        0.010229


CORRELATION OF SIMULATED VARIABLES
VARIABLE         k       c       z
k           1.0000  0.9872  0.7311
c           0.9872  1.0000  0.8304
z           0.7311  0.8304  1.0000


AUTOCORRELATION OF SIMULATED VARIABLES
VARIABLE         1       2       3       4       5
k           0.9800  0.9336  0.8712  0.8002  0.7261
c           0.9617  0.9034  0.8338  0.7591  0.6845
z           0.7992  0.6351  0.5018  0.3944  0.3142
Total computing time : 0h00m06s
